<?xml version="1.0" encoding="UTF-8"?>
<!-- Generated by org.testng.reporters.JUnitReportReporter -->
<testsuite hostname="FRG-MBP-X7F7PM43HQ" failures="0" tests="5" name="com.api.tests.suites.UserLifecycleTest" time="2.929" errors="0" timestamp="2026-04-02T23:09:42 SAST" skipped="0">
  <testcase classname="com.api.tests.suites.UserLifecycleTest" name="testCreateUser" time="1.451"/>
  <testcase classname="com.api.tests.suites.UserLifecycleTest" name="testAdminAuthentication" time="0.641"/>
  <testcase classname="com.api.tests.suites.UserLifecycleTest" name="testApproveAndPromoteUser" time="0.193"/>
  <testcase classname="com.api.tests.suites.UserLifecycleTest" name="testVerifyNewUserRole" time="0.552"/>
  <testcase classname="com.api.tests.suites.UserLifecycleTest" name="testCleanupUser" time="0.092"/>
</testsuite> <!-- com.api.tests.suites.UserLifecycleTest -->
