<?xml version="1.0" encoding="UTF-8"?>
<!-- Generated by org.testng.reporters.JUnitXMLReporter -->
<testsuite ignored="0" hostname="FRG-MBP-X7F7PM43HQ" failures="0" tests="5" name="User Lifecycle Tests" time="2.947" errors="0" timestamp="2026-04-02T23:09:42 SAST">
  <testcase classname="com.api.tests.suites.UserLifecycleTest" name="testCreateUser" time="1.451"/>
  <testcase classname="com.api.tests.suites.UserLifecycleTest" name="testAdminAuthentication" time="0.641"/>
  <testcase classname="com.api.tests.suites.UserLifecycleTest" name="testApproveAndPromoteUser" time="0.193"/>
  <testcase classname="com.api.tests.suites.UserLifecycleTest" name="testVerifyNewUserRole" time="0.552"/>
  <testcase classname="com.api.tests.suites.UserLifecycleTest" name="testCleanupUser" time="0.092"/>
</testsuite> <!-- User Lifecycle Tests -->
